[
    {
        "id": "bitcoin",
        "symbol": "btc",
        "name": "Bitcoin",
        "image": "https:\/\/coin-images.coingecko.com\/coins\/images\/1\/large\/bitcoin.png?1696501400",
        "current_price": 95890,
        "market_cap": 1901129273155,
        "market_cap_rank": 1,
        "fully_diluted_valuation": 1901134642444,
        "total_volume": 13711776629,
        "high_24h": 96653,
        "low_24h": 95247,
        "price_change_24h": -756.2236623779609,
        "price_change_percentage_24h": -0.78246,
        "market_cap_change_24h": -16232862502.230469,
        "market_cap_change_percentage_24h": -0.84662,
        "circulating_supply": 19828184,
        "total_supply": 19828240,
        "max_supply": 21000000,
        "ath": 108786,
        "ath_change_percentage": -12.01193,
        "ath_date": "2025-01-20T09:11:54.494Z",
        "atl": 67.81,
        "atl_change_percentage": 141058.66959,
        "atl_date": "2013-07-06T00:00:00.000Z",
        "roi": null,
        "last_updated": "2025-02-23T22:51:33.578Z",
        "sparkline_in_7d": {
            "price": [
                96972.41824936462,
                96911.18680524954,
                97057.54396616183,
                96915.58776734979,
                97161.8859953998,
                96889.88885007307,
                96122.86600485025,
                96306.8893048766,
                96529.14863264606,
                96203.28295054514,
                96185.61060460084,
                96124.05481404,
                96258.4683507194,
                96363.60291349764,
                96103.04905731311,
                96125.59652377032,
                96162.96642649428,
                96115.17848679269,
                96070.76836745605,
                96472.19885359015,
                96469.90302563595,
                96825.39185696325,
                95601.77121160176,
                95367.30839787448,
                95473.9227113629,
                95305.81471590063,
                95517.3362841228,
                96001.22510228083,
                96394.20010452533,
                95910.6343997475,
                95784.62953852078,
                95657.12403089936,
                96283.17216937791,
                96049.47160409925,
                96188.68435164474,
                96057.16749618895,
                95607.02526683104,
                95364.76732236886,
                95318.63732379173,
                95189.2521445793,
                95719.26020920448,
                95713.43307222998,
                95626.63610131448,
                96171.78850952118,
                96130.53749194527,
                95503.68783507988,
                95429.11009120086,
                94580.67364083909,
                94035.03488149004,
                93902.52254777655,
                94054.50815083837,
                94134.52184393156,
                94953.73212288553,
                95259.61791981726,
                95613.70786478418,
                95280.7459174621,
                95317.50472754847,
                95727.74865208809,
                95665.49231937547,
                95176.94369782117,
                95224.12571943826,
                95586.35220471295,
                95680.7581641533,
                95590.61583351126,
                95949.78606201638,
                96302.84963715746,
                96414.46175112732,
                96194.7062967688,
                96235.09041058479,
                95728.44469201894,
                95946.65997661931,
                96051.7756014956,
                96386.72652871323,
                95622.78488625766,
                96157.47075255743,
                96137.40416742311,
                96423.82994264697,
                96540.84301900618,
                96631.9764747056,
                96836.56956169584,
                96753.44819523895,
                97179.21961256368,
                97060.52011571353,
                97183.01235981267,
                96922.7147115594,
                96913.83407061106,
                97004.88168451515,
                97188.8027667773,
                97192.89155485418,
                97406.95451404073,
                97248.13930504581,
                97439.5651782597,
                97597.5898426476,
                97202.8689987542,
                96876.26093402511,
                97714.3371744566,
                98018.59661832507,
                98338.7018272712,
                98481.54369856586,
                98519.0592307595,
                98022.05812096567,
                98227.3320679309,
                98336.68799774042,
                98250.85003188688,
                98368.18235937174,
                98126.16133511938,
                98241.82244249899,
                98247.45441227335,
                98328.75213668121,
                98421.66598679434,
                98190.5219426655,
                98306.70568096745,
                98354.95929916999,
                98635.9937326328,
                98641.48664582448,
                98941.1725782136,
                99244.09049710589,
                98689.12290385604,
                98200.30835870569,
                98208.05256779343,
                97057.94737411733,
                96432.40639733619,
                95188.4232914197,
                94909.23471393716,
                95374.40372435798,
                95744.67131189487,
                96135.15541305285,
                96175.80021236626,
                96214.64163369463,
                96324.83585906116,
                96379.27904139952,
                96361.62676840216,
                96448.06002721623,
                96389.686033179,
                96304.5157111551,
                96211.30637187278,
                96479.11808533416,
                96480.22631988948,
                96594.85836473043,
                96857.71626951931,
                96640.432707833,
                96533.46795238968,
                96582.88770834969,
                96493.95352259732,
                96668.33083690105,
                96417.94490841779,
                96631.34570897685,
                96576.69186359123,
                96676.44236752397,
                96635.74766480611,
                96526.3245193673,
                96652.72840228872,
                96486.16095700496,
                96413.29570390456,
                96433.35114701596,
                96423.40572186683,
                96216.37468385046,
                96345.70036309761,
                96532.36465453282,
                96345.45264741067,
                96327.06984242801,
                96170.77690652086,
                96113.94673119442,
                95729.51884312728,
                95910.3437706451,
                95578.6571267704,
                95432.65221910209,
                95425.30528594145
            ]
        }
    }
]